"EventID\": 4703,\r\n      \"Activity\": \"4703\",\r\n      \"MG\": \"00000000-0000-0000-0000-000000000001\",\r\n      \"TimeCollected\": \"2015-12-03T21:28:35.687Z\",\r\n      \"ManagementGroupName\": \"AOI-54bd7c21-cc2a-40fb-898f-ffd15604043e\",\r\n      \"id\": \"b0cd33c5-4bfb-951e-649e-8af81414d83e\",\r\n      \"Type\": \"SecurityEvent\",\r\n      \"EventSourceName\": \"Microsoft-Windows-Security-Auditing\",\r\n      \"__metadata\": {\r\n        \"Type\": \"SecurityEvent\",\r\n        \"TimeGenerated\": \"2015-12-03T21:28:35.37Z\",\r\n        \"highlighting\": {}\r\n      }\r\n    },\r\n    {\r\n      \"TimeGenerated\": \"2015-12-03T21:28:35.363Z\",\r\n      \"SourceSystem\": \"OpsManager\",\r\n      \"Computer\": \"CLICH-PC01.northamerica.corp.microsoft.com\",\r\n      \"Channel\": \"Security\",\r\n      \"Task\": 13570,\r\n      \"Level\": 8,\r\n      \"EventData\": \"<EventData xmlns=\\\"http://schemas.microsoft.com/win/2004/08/events/event\\\">\\r\\n  <Data Name=\\\"SubjectUserSid\\\">S-1-5-18</Data>\\r\\n  <Data Name=\\\"SubjectUserName\\\">CLICH-PC01$</Data>\\r\\n  <Data Name=\\\"SubjectDomainName\\\">NORTHAMERICA</Data>\\r\\n  <Data Name=\\\"SubjectLogonId\\\">0x3e7</Data>\\r\\n  <Data Name=\\\"TargetUserSid\\\">S-1-5-18</Data>\\r\\n  <Data Name=\\\"TargetUserName\\\">CLICH-PC01$</Data>\\r\\n  <Data Name=\\\"TargetDomainName\\\">NORTHAMERICA</Data>\\r\\n  <Data Name=\\\"TargetLogonId\\\">0x3e7</Data>\\r\\n  <Data Name=\\\"ProcessName\\\">C:\\\\Windows\\\\System32\\\\svchost.exe</Data>\\r\\n  <Data Name=\\\"ProcessId\\\">0x528</Data>\\r\\n  <Data Name=\\\"EnabledPrivilegeList\\\">SeAssignPrimaryTokenPrivilege \\t\\t\\tSeIncreaseQuotaPrivilege \\t\\t\\tSeSecurityPrivilege \\t\\t\\tSeTakeOwnershipPrivilege \\t\\t\\tSeLoadDriverPrivilege \\t\\t\\tSeSystemtimePrivilege \\t\\t\\tSeBackupPrivilege \\t\\t\\tSeRestorePrivilege \\t\\t\\tSeShutdownPrivilege \\t\\t\\tSeSystemEnvironmentPrivilege \\t\\t\\tSeUndockPrivilege \\t\\t\\tSeManageVolumePrivilege</Data>\\r\\n  <Data Name=\\\"DisabledPrivilegeList\\\">-</Data>\\r\\n</EventData>\",\r\n      \"EventID\": 4703,\r\n      \"Activity\": \"4703\",\r\n      \"MG\": \"00000000-0000-0000-0000-000000000001\",\r\n      \"TimeCollected\": \"2015-12-03T21:28:35.687Z\",\r\n      \"ManagementGroupName\": \"AOI-54bd7c21-cc2a-40fb-898f-ffd15604043e\",\r\n      \"id\": \"5b1bf25f-3b25-c368-8440-62f829bee9ca\",\r\n      \"Type\": \"SecurityEvent\",\r\n      \"EventSourceName\": \"Microsoft-Windows-Security-Auditing\",\r\n      \"__metadata\": {\r\n        \"Type\": \"SecurityEvent\",\r\n        \"TimeGenerated\": \"2015-12-03T21:28:35.363Z\",\r\n        \"highlighting\": {}\r\n      }\r\n    },\r\n    {\r\n      \"TimeGenerated\": \"2015-12-03T21:28:35.363Z\",\r\n      \"SourceSystem\": \"OpsManager\",\r\n      \"Computer\": \"CLICH-PC01.northamerica.corp.microsoft.com\",\r\n      \"Channel\": \"Security\",\r\n      \"Task\": 13570,\r\n      \"Level\": 8,\r\n      \"EventData\": \"<EventData xmlns=\\\"http://schemas.microsoft.com/win/2004/08/events/event\\\">\\r\\n  <Data Name=\\\"SubjectUserSid\\\">S-1-5-18</Data>\\r\\n  <Data Name=\\\"SubjectUserName\\\">CLICH-PC01$</Data>\\r\\n  <Data Name=\\\"SubjectDomainName\\\">NORTHAMERICA</Data>\\r\\n  <Data Name=\\\"SubjectLogonId\\\">0x3e7</Data>\\r\\n  <Data Name=\\\"TargetUserSid\\\">S-1-5-18</Data>\\r\\n  <Data Name=\\\"TargetUserName\\\">CLICH-PC01$</Data>\\r\\n  <Data Name=\\\"TargetDomainName\\\">NORTHAMERICA</Data>\\r\\n  <Data Name=\\\"TargetLogonId\\\">0x3e7</Data>\\r\\n  <Data Name=\\\"ProcessName\\\">C:\\\\Windows\\\\System32\\\\svchost.exe</Data>\\r\\n  <Data Name=\\\"ProcessId\\\">0x528</Data>\\r\\n  <Data Name=\\\"EnabledPrivilegeList\\\">SeAssignPrimaryTokenPrivilege \\t\\t\\tSeIncreaseQuotaPrivilege \\t\\t\\tSeSecurityPrivilege \\t\\t\\tSeTakeOwnershipPrivilege \\t\\t\\tSeLoadDriverPrivilege \\t\\t\\tSeSystemtimePrivilege \\t\\t\\tSeBackupPrivilege \\t\\t\\tSeRestorePrivilege \\t\\t\\tSeShutdownPrivilege \\t\\t\\tSeSystemEnvironmentPrivilege \\t\\t\\tSeUndockPrivilege \\t\\t\\tSeManageVolumePrivilege</Data>\\r\\n  <Data Name=\\\"DisabledPrivilegeList\\\">-</Data>\\r\\n</EventData>\",\r\n      \"EventID\": 4703,\r\n      \"Activity\": \"4703\",\r\n      \"MG\": \"00000000-0000-0000-0000-000000000001\",\r\n      \"TimeCollected\": \"2015-12-03T21:28:35.687Z\",\r\n      \"ManagementGroupName\": \"AOI-54bd7c21-cc2a-40fb-898f-ffd15604043e\",\r\n      \"id\": \"525218d0-bf6a-a352-be24-c2c1c559c24e\",\r\n      \"Type\": \"SecurityEvent\",\r\n      \"EventSourceName\": \"Microsoft-Windows-Security-Auditing\",\r\n      \"__metadata\": {\r\n        \"Type\": \"SecurityEvent\",\r\n        \"TimeGenerated\": \"2015-12-03T21:28:35.363Z\",\r\n        \"highlighting\": {}\r\n      }\r\n    },\r\n    {\r\n      \"TimeGenerated\": \"2015-12-03T21:28:35.36Z\",\r\n      \"SourceSystem\": \"OpsManager\",\r\n      \"Computer\": \"CLICH-PC01.northamerica.corp.microsoft.com\",\r\n      \"Channel\": \"Security\",\r\n      \"Task\": 13570,\r\n      \"Level\": 8,\r\n      \"EventData\": \"<EventData xmlns=\\\"http://schemas.microsoft.com/win/2004/08/events/event\\\">\\r\\n  <Data Name=\\\"SubjectUserSid\\\">S-1-5-18</Data>\\r\\n  <Data Name=\\\"SubjectUserName\\\">CLICH-PC01$</Data>\\r\\n  <Data Name=\\\"SubjectDomainName\\\">NORTHAMERICA</Data>\\r\\n  <Data Name=\\\"SubjectLogonId\\\">0x3e7</Data>\\r\\n  <Data Name=\\\"TargetUserSid\\\">S-1-5-18</Data>\\r\\n  <Data Name=\\\"TargetUserName\\\">CLICH-PC01$</Data>\\r\\n  <Data Name=\\\"TargetDomainName\\\">NORTHAMERICA</Data>\\r\\n  <Data Name=\\\"TargetLogonId\\\">0x3e7</Data>\\r\\n  <Data Name=\\\"ProcessName\\\">C:\\\\Windows\\\\System32\\\\svchost.exe</Data>\\r\\n  <Data Name=\\\"ProcessId\\\">0x528</Data>\\r\\n  <Data Name=\\\"EnabledPrivilegeList\\\">SeAssignPrimaryTokenPrivilege \\t\\t\\tSeIncreaseQuotaPrivilege \\t\\t\\tSeSecurityPrivilege \\t\\t\\tSeTakeOwnershipPrivilege \\t\\t\\tSeLoadDriverPrivilege \\t\\t\\tSeSystemtimePrivilege \\t\\t\\tSeBackupPrivilege \\t\\t\\tSeRestorePrivilege \\t\\t\\tSeShutdownPrivilege \\t\\t\\tSeSystemEnvironmentPrivilege \\t\\t\\tSeUndockPrivilege \\t\\t\\tSeManageVolumePrivilege</Data>\\r\\n  <Data Name=\\\"DisabledPrivilegeList\\\">-</Data>\\r\\n</EventData>\",\r\n      \"EventID\": 4703,\r\n      \"Activity\": \"4703\",\r\n      \"MG\": \"00000000-0000-0000-0000-000000000001\",\r\n      \"TimeCollected\": \"2015-12-03T21:28:35.687Z\",\r\n      \"ManagementGroupName\": \"AOI-54bd7c21-cc2a-40fb-898f-ffd15604043e\",\r\n      \"id\": \"50d096f1-5077-7707-3bf8-b03544e21add\",\r\n      \"Type\": \"SecurityEvent\",\r\n      \"EventSourceName\": \"Microsoft-Windows-Security-Auditing\",\r\n      \"__metadata\": {\r\n        \"Type\": \"SecurityEvent\",\r\n        \"TimeGenerated\": \"2015-12-03T21:28:35.36Z\",\r\n        \"highlighting\": {}\r\n      }\r\n    },\r\n    {\r\n      \"TimeGenerated\": \"2015-12-03T21:28:35.357Z\",\r\n      \"SourceSystem\": \"OpsManager\",\r\n      \"Computer\": \"CLICH-PC01.northamerica.corp.microsoft.com\",\r\n      \"Channel\": \"Security\",\r\n      \"Task\": 13570,\r\n      \"Level\": 8,\r\n      \"EventData\": \"<EventData xmlns=\\\"http://schemas.microsoft.com/win/2004/08/events/event\\\">\\r\\n  <Data Name=\\\"SubjectUserSid\\\">S-1-5-18</Data>\\r\\n  <Data Name=\\\"SubjectUserName\\\">CLICH-PC01$</Data>\\r\\n  <Data Name=\\\"SubjectDomainName\\\">NORTHAMERICA</Data>\\r\\n  <Data Name=\\\"SubjectLogonId\\\">0x3e7</Data>\\r\\n  <Data Name=\\\"TargetUserSid\\\">S-1-5-18</Data>\\r\\n  <Data Name=\\\"TargetUserName\\\">CLICH-PC01$</Data>\\r\\n  <Data Name=\\\"TargetDomainName\\\">NORTHAMERICA</Data>\\r\\n  <Data Name=\\\"TargetLogonId\\\">0x3e7</Data>\\r\\n  <Data Name=\\\"ProcessName\\\">C:\\\\Windows\\\\System32\\\\svchost.exe</Data>\\r\\n  <Data Name=\\\"ProcessId\\\">0x528</Data>\\r\\n  <Data Name=\\\"EnabledPrivilegeList\\\">SeAssignPrimaryTokenPrivilege \\t\\t\\tSeIncreaseQuotaPrivilege \\t\\t\\tSeSecurityPrivilege \\t\\t\\tSeTakeOwnershipPrivilege \\t\\t\\tSeLoadDriverPrivilege \\t\\t\\tSeSystemtimePrivilege \\t\\t\\tSeBackupPrivilege \\t\\t\\tSeRestorePrivilege \\t\\t\\tSeShutdownPrivilege \\t\\t\\tSeSystemEnvironmentPrivilege \\t\\t\\tSeUndockPrivilege \\t\\t\\tSeManageVolumePrivilege</Data>\\r\\n  <Data Name=\\\"DisabledPrivilegeList\\\">-</Data>\\r\\n</EventData>\",\r\n      \"EventID\": 4703,\r\n      \"Activity\": \"4703\",\r\n      \"MG\": \"00000000-0000-0000-0000-000000000001\",\r\n      \"TimeCollected\": \"2015-12-03T21:28:35.687Z\",\r\n      \"ManagementGroupName\": \"AOI-54bd7c21-cc2a-40fb-898f-ffd15604043e\",\r\n      \"id\": \"d853c002-574b-4349-7892-16e6e9eeb342\",\r\n      \"Type\": \"SecurityEvent\",\r\n      \"EventSourceName\": \"Microsoft-Windows-Security-Auditing\",\r\n      \"__metadata\": {\r\n        \"Type\": \"SecurityEvent\",\r\n        \"TimeGenerated\": \"2015-12-03T21:28:35.357Z\",\r\n        \"highlighting\": {}\r\n      }\r\n    },\r\n    {\r\n      \"TimeGenerated\": \"2015-12-03T21:28:35.357Z\",\r\n      \"SourceSystem\": \"OpsManager\",\r\n      \"Computer\": \"CLICH-PC01.northamerica.corp.microsoft.com\",\r\n      \"Channel\": \"Security\",\r\n      \"Task\": 13570,\r\n      \"Level\": 8,\r\n      \"EventData\": \"<EventData xmlns=\\\"http://schemas.microsoft.com/win/2004/08/events/event\\\">\\r\\n  <Data Name=\\\"SubjectUserSid\\\">S-1-5-18</Data>\\r\\n  <Data Name=\\\"SubjectUserName\\\">CLICH-PC01$</Data>\\r\\n  <Data Name=\\\"SubjectDomainName\\\">NORTHAMERICA</Data>\\r\\n  <Data Name=\\\"SubjectLogonId\\\">0x3e7</Data>\\r\\n  <Data Name=\\\"TargetUserSid\\\">S-1-5-18</Data>\\r\\n  <Data Name=\\\"TargetUserName\\\">CLICH-PC01$</Data>\\r\\n  <Data Name=\\\"TargetDomainName\\\">NORTHAMERICA</Data>\\r\\n  <Data Name=\\\"TargetLogonId\\\">0x3e7</Data>\\r\\n  <Data Name=\\\"ProcessName\\\">C:\\\\Windows\\\\System32\\\\svchost.exe</Data>\\r\\n  <Data Name=\\\"ProcessId\\\">0x528</Data>\\r\\n  <Data Name=\\\"EnabledPrivilegeList\\\">SeAssignPrimaryTokenPrivilege \\t\\t\\tSeIncreaseQuotaPrivilege \\t\\t\\tSeSecurityPrivilege \\t\\t\\tSeTakeOwnershipPrivilege \\t\\t\\tSeLoadDriverPrivilege \\t\\t\\tSeSystemtimePrivilege \\t\\t\\tSeBackupPrivilege \\t\\t\\tSeRestorePrivilege \\t\\t\\tSeShutdownPrivilege \\t\\t\\tSeSystemEnvironmentPrivilege \\t\\t\\tSeUndockPrivilege \\t\\t\\tSeManageVolumePrivilege</Data>\\r\\n  <Data Name=\\\"DisabledPrivilegeList\\\">-</Data>\\r\\n</EventData>\",\r\n      \"EventID\": 4703,\r\n      \"Activity\": \"4703\",\r\n      \"MG\": \"00000000-0000-0000-0000-000000000001\",\r\n      \"TimeCollected\": \"2015-12-03T21:28:35.687Z\",\r\n      \"ManagementGroupName\": \"AOI-54bd7c21-cc2a-40fb-898f-ffd15604043e\",\r\n      \"id\": \"89ba7a1a-09ca-d9c7-3d9c-93c0ddde957d\",\r\n      \"Type\": \"SecurityEvent\",\r\n      \"EventSourceName\": \"Microsoft-Windows-Security-Auditing\",\r\n      \"__metadata\": {\r\n        \"Type\": \"SecurityEvent\",\r\n        \"TimeGenerated\": \"2015-12-03T21:28:35.357Z\",\r\n        \"highlighting\": {}\r\n      }\r\n    }\r\n  ]\r\n}",
      "ResponseHeaders": {
        "Content-Length": [
          "42109"
        ],
        "Content-Type": [
          "application/json; charset=utf-8"
        ],
        "Expires": [
          "-1"
        ],
        "Pragma": [
          "no-cache"
        ],
        "Strict-Transport-Security": [
          "max-age=31536000; includeSubDomains"
        ],
        "X-Content-Type-Options": [
          "nosniff"
        ],
        "x-ms-ratelimit-remaining-subscription-reads": [
          "14973"
        ],
        "x-ms-request-id": [
          "54e551ad-e888-4984-8b4f-081b934a80ea"
        ],
        "x-ms-correlation-request-id": [
          "54e551ad-e888-4984-8b4f-081b934a80ea"
        ],
        "x-ms-routing-request-id": [
          "CENTRALUS:20151203T212945Z:54e551ad-e888-4984-8b4f-081b934a80ea"
        ],
        "Cache-Control": [
          "no-cache"
        ],
        "Date": [
          "Thu, 03 Dec 2015 21:29:44 GMT"
        ],
        "Location": [
          "https://https//api-dogfood.resources.windows-int.net/subscriptions/df1ec963-d784-4d11-a779-1b3eeb9ecb78/resourcegroups/OI-Default-East-US/providers/Microsoft.OperationalInsights/workspaces/rasha/search/e06f9607-6fee-4616-a3f0-06560ab46296?api-version=2015-03-20/subscriptions/df1ec963-d784-4d11-a779-1b3eeb9ecb78/resourceGroups/OI-Default-East-US/providers/Microsoft.OperationalInsights/workspaces/rasha/search/e06f9607-6fee-4616-a3f0-06560ab46296&api-version=2015-03-20"
        ],
        "Server": [
          "Microsoft-IIS/8.0"
        ],
        "X-Powered-By": [
          "ASP.NET"
        ]
      },
      "StatusCode": 200
    }
  ],
  "Names": {},
  "Variables": {
    "SubscriptionId": "df1ec963-d784-4d11-a779-1b3eeb9ecb78"
  }
}