{
  "Entries": [
    {
      "RequestUri": "/subscriptions/df1ec963-d784-4d11-a779-1b3eeb9ecb78/resourcegroups/OI-Default-East-US/providers/Microsoft.OperationalInsights/workspaces/rasha/search?api-version=2015-03-20",
      "EncodedRequestUri": "L3N1YnNjcmlwdGlvbnMvZGYxZWM5NjMtZDc4NC00ZDExLWE3NzktMWIzZWViOWVjYjc4L3Jlc291cmNlZ3JvdXBzL09JLURlZmF1bHQtRWFzdC1VUy9wcm92aWRlcnMvTWljcm9zb2Z0Lk9wZXJhdGlvbmFsSW5zaWdodHMvd29ya3NwYWNlcy9yYXNoYS9zZWFyY2g/YXBpLXZlcnNpb249MjAxNS0wMy0yMA==",
      "RequestMethod": "POST",
      "RequestBody": "{\r\n  \"top\": 25,\r\n  \"skip\": 0,\r\n  \"highlight\": {},\r\n  \"includeArchive\": false,\r\n  \"query\": \"*\",\r\n  \"facet\": {\r\n    \"limit\": 0,\r\n    \"mincount\": 0,\r\n    \"range\": {}\r\n  }\r\n}",
      "RequestHeaders": {
        "Content-Type": [
          "application/json"
        ],
        "Content-Length": [
          "170"
        ],
        "x-ms-client-request-id": [
          "6b278cbc-b82a-4648-bd80-dc02d1220963"
        ],
        "User-Agent": [
          "Microsoft.Azure.Management.OperationalInsights.OperationalInsightsManagementClient/0.9.0.0"
        ]
      },
      "ResponseBody": "{\r\n  \"id\": \"subscriptions/df1ec963-d784-4d11-a779-1b3eeb9ecb78/resourceGroups/OI-Default-East-US/providers/Microsoft.OperationalInsights/workspaces/rasha/search/e06f9607-6fee-4616-a3f0-06560ab46296\",\r\n  \"__metadata\": {\r\n    \"resultType\": \"raw\",\r\n    \"total\": 46785694,\r\n    \"top\": 25,\r\n    \"CoreResponses\": [],\r\n    \"CoreSummaries\": [\r\n      {\r\n        \"Status\": \"Pending\",\r\n        \"NumberOfDocuments\": 193532127\r\n      }\r\n    ],\r\n    \"Status\": \"Pending\",\r\n    \"NumberOfDocuments\": 193532127,\r\n    \"StartTime\": \"2015-12-03T21:29:43.7823329Z\",\r\n    \"LastUpdated\": \"2015-12-03T21:29:44.7511016Z\",\r\n    \"ETag\": \"635847749847511016\",\r\n    \"sort\": [\r\n      {\r\n        \"name\": \"TimeGenerated\",\r\n        \"order\": \"desc\"\r\n      }\r\n    ],\r\n    \"requestTime\": 1346\r\n  },\r\n  \"value\": [\r\n    {\r\n      \"TimeGenerated\": \"2015-12-03T21:28:35.603Z\",\r\n      \"SourceSystem\": \"OpsManager\",\r\n      \"Computer\": \"CLICH-PC01.northamerica.corp.microsoft.com\",\r\n      \"Channel\": \"Security\",\r\n      \"Task\": 13570,\r\n      \"Level\": 8,\r\n      \"EventData\": \"<EventData xmlns=\\\"http://schemas.microsoft.com/win/2004/08/events/event\\\">\\r\\n  <Data Name=\\\"SubjectUserSid\\\">S-1-5-18</Data>\\r\\n  <Data Name=\\\"SubjectUserName\\\">CLICH-PC01$</Data>\\r\\n  <Data Name=\\\"SubjectDomainName\\\">NORTHAMERICA</Data>\\r\\n  <Data Name=\\\"SubjectLogonId\\\">0x3e7</Data>\\r\\n  <Data Name=\\\"TargetUserSid\\\">S-1-5-18</Data>\\r\\n  <Data Name=\\\"TargetUserName\\\">CLICH-PC01$</Data>\\r\\n  <Data Name=\\\"TargetDomainName\\\">NORTHAMERICA</Data>\\r\\n  <Data Name=\\\"TargetLogonId\\\">0x3e7</Data>\\r\\n  <Data Name=\\\"ProcessName\\\">C:\\\\Windows\\\\System32\\\\svchost.exe</Data>\\r\\n  <Data Name=\\\"ProcessId\\\">0x528</Data>\\r\\n  <Data Name=\\\"EnabledPrivilegeList\\\">SeAssignPrimaryTokenPrivilege \\t\\t\\tSeIncreaseQuotaPrivilege \\t\\t\\tSeSecurityPrivilege \\t\\t\\tSeTakeOwnershipPrivilege \\t\\t\\tSeLoadDriverPrivilege \\t\\t\\tSeSystemtimePrivilege \\t\\t\\tSeBackupPrivilege \\t\\t\\tSeRestorePrivilege \\t\\t\\tSeShutdownPrivilege \\t\\t\\tSeSystemEnvironmentPrivilege \\t\\t\\tSeUndockPrivilege \\t\\t\\tSeManageVolumePrivilege</Data>\\r\\n  <Data Name=\\\"DisabledPrivilegeList\\\">-</Data>\\r\\n</EventData>\",\r\n      \"EventID\": 4703,\r\n      \"Activity\": \"4703\",\r\n      \"MG\": \"00000000-0000-0000-0000-000000000001\",\r\n      \"TimeCollected\": \"2015-12-03T21:28:35.687Z\",\r\n      \"ManagementGroupName\": \"AOI-54bd7c21-cc2a-40fb-898f-ffd15604043e\",\r\n      \"id\": \"a9c4c74e-5ffb-0573-c5c7-cc7a71298e3d\",\r\n      \"Type\": \"SecurityEvent\",\r\n      \"EventSourceName\": \"Microsoft-Windows-Security-Auditing\",\r\n      \"__metadata\": {\r\n        \"Type\": \"SecurityEvent\",\r\n        \"TimeGenerated\": \"2015-12-03T21:28:35.603Z\",\r\n        \"highlighting\": {}\r\n      }\r\n    },\r\n    {\r\n      \"TimeGenerated\": \"2015-12-03T21:28:35.45Z\",\r\n      \"SourceSystem\": \"OpsManager\",\r\n      \"Computer\": \"CLICH-PC01.northamerica.corp.microsoft.com\",\r\n      \"Channel\": \"Security\",\r\n      \"Task\": 13570,\r\n      \"Level\": 8,\r\n      \"EventData\": \"<EventData xmlns=\\\"http://schemas.microsoft.com/win/2004/08/events/event\\\">\\r\\n  <Data Name=\\\"SubjectUserSid\\\">S-1-5-18</Data>\\r\\n  <Data Name=\\\"SubjectUserName\\\">CLICH-PC01$</Data>\\r\\n  <Data Name=\\\"SubjectDomainName\\\">NORTHAMERICA</Data>\\r\\n  <Data Name=\\\"SubjectLogonId\\\">0x3e7</Data>\\r\\n  <Data Name=\\\"TargetUserSid\\\">S-1-5-18</Data>\\r\\n  <Data Name=\\\"TargetUserName\\\">CLICH-PC01$</Data>\\r\\n  <Data Name=\\\"TargetDomainName\\\">NORTHAMERICA</Data>\\r\\n  <Data Name=\\\"TargetLogonId\\\">0x3e7</Data>\\r\\n  <Data Name=\\\"ProcessName\\\">C:\\\\Windows\\\\System32\\\\svchost.exe</Data>\\r\\n  <Data Name=\\\"ProcessId\\\">0x528</Data>\\r\\n  <Data Name=\\\"EnabledPrivilegeList\\\">SeAssignPrimaryTokenPrivilege \\t\\t\\tSeIncreaseQuotaPrivilege \\t\\t\\tSeSecurityPrivilege \\t\\t\\tSeTakeOwnershipPrivilege \\t\\t\\tSeLoadDriverPrivilege \\t\\t\\tSeSystemtimePrivilege \\t\\t\\tSeBackupPrivilege \\t\\t\\tSeRestorePrivilege \\t\\t\\tSeShutdownPrivilege \\t\\t\\tSeSystemEnvironmentPrivilege \\t\\t\\tSeUndockPrivilege \\t\\t\\tSeManageVolumePrivilege</Data>\\r\\n  <Data Name=\\\"DisabledPrivilegeList\\\">-</Data>\\r\\n</EventData>\",\r\n      \"EventID\": 4703,\r\n      \"Activity\": \"4703\",\r\n      \"MG\": \"00000000-0000-0000-0000-000000000001\",\r\n      \"TimeCollected\": \"2015-12-03T21:28:35.687Z\",\r\n      \"ManagementGroupName\": \"AOI-54bd7c21-cc2a-40fb-898f-ffd15604043e\",\r\n      \"id\": \"1a3fbcf9-eaff-61b0-4bc2-bc95854b8e0b\",\r\n      \"Type\": \"SecurityEvent\",\r\n      \"EventSourceName\": \"Microsoft-Windows-Security-Auditing\",\r\n      \"__metadata\": {\r\n        \"Type\": \"SecurityEvent\",\r\n        \"TimeGenerated\": \"2015-12-03T21:28:35.45Z\",\r\n        \"highlighting\": {}\r\n      }\r\n    },\r\n    {\r\n      \"TimeGenerated\": \"2015-12-03T21:28:35.45Z\",\r\n      \"SourceSystem\": \"OpsManager\",\r\n      \"Computer\": \"CLICH-PC01.northamerica.corp.microsoft.com\",\r\n      \"Channel\": \"Security\",\r\n      \"Task\": 13570,\r\n      \"Level\": 8,\r\n      \"EventData\": \"<EventData xmlns=\\\"http://schemas.microsoft.com/win/2004/08/events/event\\\">\\r\\n  <Data Name=\\\"SubjectUserSid\\\">S-1-5-18</Data>\\r\\n  <Data Name=\\\"SubjectUserName\\\">CLICH-PC01$</Data>\\r\\n  <Data Name=\\\"SubjectDomainName\\\">NORTHAMERICA</Data>\\r\\n  <Data Name=\\\"SubjectLogonId\\\">0x3e7</Data>\\r\\n  <Data Name=\\\"TargetUserSid\\\">S-1-5-18</Data>\\r\\n  <Data Name=\\\"TargetUserName\\\">CLICH-PC01$</Data>\\r\\n  <Data Name=\\\"TargetDomainName\\\">NORTHAMERICA</Data>\\r\\n  <Data Name=\\\"TargetLogonId\\\">0x3e7</Data>\\r\\n  <Data Name=\\\"ProcessName\\\">C:\\\\Windows\\\\System32\\\\svchost.exe</Data>\\r\\n  <Data Name=\\\"ProcessId\\\">0x528</Data>\\r\\n  <Data Name=\\\"EnabledPrivilegeList\\\">SeAssignPrimaryTokenPrivilege \\t\\t\\tSeIncreaseQuotaPrivilege \\t\\t\\tSeSecurityPrivilege \\t\\t\\tSeTakeOwnershipPrivilege \\t\\t\\tSeLoadDriverPrivilege \\t\\t\\tSeSystemtimePrivilege \\t\\t\\tSeBackupPrivilege \\t\\t\\tSeRestorePrivilege \\t\\t\\tSeShutdownPrivilege \\t\\t\\tSeSystemEnvironmentPrivilege \\t\\t\\tSeUndockPrivilege \\t\\t\\tSeManageVolumePrivilege</Data>\\r\\n  <Data Name=\\\"DisabledPrivilegeList\\\">-</Data>\\r\\n</EventData>\",\r\n      \"EventID\": 4703,\r\n      \"Activity\": \"4703\",\r\n      \"MG\": \"00000000-0000-0000-0000-000000000001\",\r\n      \"TimeCollected\": \"2015-12-03T21:28:35.687Z\",\r\n      \"ManagementGroupName\": \"AOI-54bd7c21-cc2a-40fb-898f-ffd15604043e\",\r\n      \"id\": \"f5ddaadb-4ed4-ae5f-5a80-5e13eec4051f\",\r\n      \"Type\": \"SecurityEvent\",\r\n      \"EventSourceName\": \"Microsoft-Windows-Security-Auditing\",\r\n      \"__metadata\": {\r\n        \"Type\": \"SecurityEvent\",\r\n        \"TimeGenerated\": \"2015-12-03T21:28:35.45Z\",\r\n        \"highlighting\": {}\r\n      }\r\n    },\r\n    {\r\n      \"TimeGenerated\": \"2015-12-03T21:28:35.447Z\",\r\n      \"SourceSystem\": \"OpsManager\",\r\n      \"Computer\": \"CLICH-PC01.northamerica.corp.microsoft.com\",\r\n      \"Channel\": \"Security\",\r\n      \"Task\": 13570,\r\n      \"Level\": 8,\r\n      \"EventData\": \"<EventData xmlns=\\\"http://schemas.microsoft.com/win/2004/08/events/event\\\">\\r\\n  <Data Name=\\\"SubjectUserSid\\\">S-1-5-18</Data>\\r\\n  <Data Name=\\\"SubjectUserName\\\">CLICH-PC01$</Data>\\r\\n  <Data Name=\\\"SubjectDomainName\\\">NORTHAMERICA</Data>\\r\\n  <Data Name=\\\"SubjectLogonId\\\">0x3e7</Data>\\r\\n  <Data Name=\\\"TargetUserSid\\\">S-1-5-18</Data>\\r\\n  <Data Name=\\\"TargetUserName\\\">CLICH-PC01$</Data>\\r\\n  <Data Name=\\\"TargetDomainName\\\">NORTHAMERICA</Data>\\r\\n  <Data Name=\\\"TargetLogonId\\\">0x3e7</Data>\\r\\n  <Data Name=\\\"ProcessName\\\">C:\\\\Windows\\\\System32\\\\svchost.exe</Data>\\r\\n  <Data Name=\\\"ProcessId\\\">0x528</Data>\\r\\n  <Data Name=\\\"EnabledPrivilegeList\\\">SeAssignPrimaryTokenPrivilege \\t\\t\\tSeIncreaseQuotaPrivilege \\t\\t\\tSeSecurityPrivilege \\t\\t\\tSeTakeOwnershipPrivilege \\t\\t\\tSeLoadDriverPrivilege \\t\\t\\tSeSystemtimePrivilege \\t\\t\\tSeBackupPrivilege \\t\\t\\tSeRestorePrivilege \\t\\t\\tSeShutdownPrivilege \\t\\t\\tSeSystemEnvironmentPrivilege \\t\\t\\tSeUndockPrivilege \\t\\t\\tSeManageVolumePrivilege</Data>\\r\\n  <Data Name=\\\"DisabledPrivilegeList\\\">-</Data>\\r\\n</EventData>\",\r\n      \"EventID\": 4703,\r\n      \"Activity\": \"4703\",\r\n      \"MG\": \"00000000-0000-0000-0000-000000000001\",\r\n      \"TimeCollected\": \"2015-12-03T21:28:35.687Z\",\r\n      \"ManagementGroupName\": \"AOI-54bd7c21-cc2a-40fb-898f-ffd15604043e\",\r\n      \"id\": \"7e182dae-3d6a-3660-1f23-ea52eb4ee735\",\r\n      \"Type\": \"SecurityEvent\",\r\n      \"EventSourceName\": \"Microsoft-Windows-Security-Auditing\",\r\n      \"__metadata\": {\r\n        \"Type\": \"SecurityEvent\",\r\n        \"TimeGenerated\": \"2015-12-03T21:28:35.447Z\",\r\n        \"highlighting\": {}\r\n      }\r\n    },\r\n    {\r\n      \"TimeGenerated\": \"2015-12-03T21:28:35.44Z\",\r\n      \"SourceSystem\": \"OpsManager\",\r\n      \"Computer\": \"CLICH-PC01.northamerica.corp.microsoft.com\",\r\n      \"Channel\": \"Security\",\r\n      \"Task\": 13570,\r\n      \"Level\": 8,\r\n      \"EventData\": \"<EventData xmlns=\\\"http://schemas.microsoft.com/win/2004/08/events/event\\\">\\r\\n  <Data Name=\\\"SubjectUserSid\\\">S-1-5-18</Data>\\r\\n  <Data Name=\\\"SubjectUserName\\\">CLICH-PC01$</Data>\\r\\n  <Data Name=\\\"SubjectDomainName\\\">NORTHAMERICA</Data>\\r\\n  <Data Name=\\\"SubjectLogonId\\\">0x3e7</Data>\\r\\n  <Data Name=\\\"TargetUserSid\\\">S-1-5-18</Data>\\r\\n  <Data Name=\\\"TargetUserName\\\">CLICH-PC01$</Data>\\r\\n  <Data Name=\\\"TargetDomainName\\\">NORTHAMERICA</Data>\\r\\n  <Data Name=\\\"TargetLogonId\\\">0x3e7</Data>\\r\\n  <Data Name=\\\"ProcessName\\\">C:\\\\Windows\\\\System32\\\\svchost.exe</Data>\\r\\n  <Data Name=\\\"ProcessId\\\">0x528</Data>\\r\\n  <Data Name=\\\"EnabledPrivilegeList\\\">SeAssignPrimaryTokenPrivilege \\t\\t\\tSeIncreaseQuotaPrivilege \\t\\t\\tSeSecurityPrivilege \\t\\t\\tSeTakeOwnershipPrivilege \\t\\t\\tSeLoadDriverPrivilege \\t\\t\\tSeSystemtimePrivilege \\t\\t\\tSeBackupPrivilege \\t\\t\\tSeRestorePrivilege \\t\\t\\tSeShutdownPrivilege \\t\\t\\tSeSystemEnvironmentPrivilege \\t\\t\\tSeUndockPrivilege \\t\\t\\tSeManageVolumePrivilege</Data>\\r\\n  <Data Name=\\\"DisabledPrivilegeList\\\">-</Data>\\r\\n</EventData>\",\r\n      \"EventID\": 4703,\r\n      \"Activity\": \"4703\",\r\n      \"MG\": \"00000000-0000-0000-0000-000000000001\",\r\n      \"TimeCollected\": \"2015-12-03T21:28:35.687Z\",\r\n      \"ManagementGroupName\": \"AOI-54bd7c21-cc2a-40fb-898f-ffd15604043e\",\r\n      \"id\": \"413aeedc-57bc-bdf5-8ecf-473ac7997e6e\",\r\n      \"Type\": \"SecurityEvent\",\r\n      \"EventSourceName\": \"Microsoft-Windows-Security-Auditing\",\r\n      \"__metadata\": {\r\n        \"Type\": \"SecurityEvent\",\r\n        \"TimeGenerated\": \"2015-12-03T21:28:35.44Z\",\r\n        \"highlighting\": {}\r\n      }\r\n    },\r\n    {\r\n      \"TimeGenerated\": \"2015-12-03T21:28:35.433Z\",\r\n      \"SourceSystem\": \"OpsManager\",\r\n      \"Computer\": \"CLICH-PC01.northamerica.corp.microsoft.com\",\r\n      \"Channel\": \"Security\",\r\n      \"Task\": 13570,\r\n      \"Level\": 8,\r\n      \"EventData\": \"<EventData xmlns=\\\"http://schemas.microsoft.com/win/2004/08/events/event\\\">\\r\\n  <Data Name=\\\"SubjectUserSid\\\">S-1-5-18</Data>\\r\\n  <Data Name=\\\"SubjectUserName\\\">CLICH-PC01$</Data>\\r\\n  <Data Name=\\\"SubjectDomainName\\\">NORTHAMERICA</Data>\\r\\n  <Data Name=\\\"SubjectLogonId\\\">0x3e7</Data>\\r\\n  <Data Name=\\\"TargetUserSid\\\">S-1-5-18</Data>\\r\\n  <Data Name=\\\"TargetUserName\\\">CLICH-PC01$</Data>\\r\\n  <Data Name=\\\"TargetDomainName\\\">NORTHAMERICA</Data>\\r\\n  <Data Name=\\\"TargetLogonId\\\">0x3e7</Data>\\r\\n  <Data Name=\\\"ProcessName\\\">C:\\\\Windows\\\\System32\\\\svchost.exe</Data>\\r\\n  <Data Name=\\\"ProcessId\\\">0x528</Data>\\r\\n  <Data Name=\\\"EnabledPrivilegeList\\\">SeAssignPrimaryTokenPrivilege \\t\\t\\tSeIncreaseQuotaPrivilege \\t\\t\\tSeSecurityPrivilege \\t\\t\\tSeTakeOwnershipPrivilege \\t\\t\\tSeLoadDriverPrivilege \\t\\t\\tSeSystemtimePrivilege \\t\\t\\tSeBackupPrivilege \\t\\t\\tSeRestorePrivilege \\t\\t\\tSeShutdownPrivilege \\t\\t\\tSeSystemEnvironmentPrivilege \\t\\t\\tSeUndockPrivilege \\t\\t\\tSeManageVolumePrivilege</Data>\\r\\n  <Data Name=\\\"DisabledPrivilegeList\\\">-</Data>\\r\\n</EventData>\",\r\n      \"EventID\": 4703,\r\n      \"Activity\": \"4703\",\r\n      \"MG\": \"00000000-0000-0000-0000-000000000001\",\r\n      \"TimeCollected\": \"2015-12-03T21:28:35.687Z\",\r\n      \"ManagementGroupName\": \"AOI-54bd7c21-cc2a-40fb-898f-ffd15604043e\",\r\n      \"id\": \"31355c51-682f-eb37-8540-4d54f685cf32\",\r\n      \"Type\": \"SecurityEvent\",\r\n      \"EventSourceName\": \"Microsoft-Windows-Security-Auditing\",\r\n      \"__metadata\": {\r\n        \"Type\": \"SecurityEvent\",\r\n        \"TimeGenerated\": \"2015-12-03T21:28:35.433Z\",\r\n        \"highlighting\": {}\r\n      }\r\n    },\r\n    {\r\n      \"TimeGenerated\": \"2015-12-03T21:28:35.43Z\",\r\n      \"SourceSystem\": \"OpsManager\",\r\n      \"Computer\": \"CLICH-PC01.northamerica.corp.microsoft.com\",\r\n      \"Channel\": \"Security\",\r\n      \"Task\": 13570,\r\n      \"Level\": 8,\r\n      \"EventData\": \"<EventData xmlns=\\\"http://schemas.microsoft.com/win/2004/08/events/event\\\">\\r\\n  <Data Name=\\\"SubjectUserSid\\\">S-1-5-18</Data>\\r\\n  <Data Name=\\\"SubjectUserName\\\">CLICH-PC01$</Data>\\r\\n  <Data Name=\\\"SubjectDomainName\\\">NORTHAMERICA</Data>\\r\\n  <Data Name=\\\"SubjectLogonId\\\">0x3e7</Data>\\r\\n  <Data Name=\\\"TargetUserSid\\\">S-1-5-18</Data>\\r\\n  <Data Name=\\\"TargetUserName\\\">CLICH-PC01$</Data>\\r\\n  <Data Name=\\\"TargetDomainName\\\">NORTHAMERICA</Data>\\r\\n  <Data Name=\\\"TargetLogonId\\\">0x3e7</Data>\\r\\n  <Data Name=\\\"ProcessName\\\">C:\\\\Windows\\\\System32\\\\svchost.exe</Data>\\r\\n  <Data Name=\\\"ProcessId\\\">0x528</Data>\\r\\n  <Data Name=\\\"EnabledPrivilegeList\\\">SeAssignPrimaryTokenPrivilege \\t\\t\\tSeIncreaseQuotaPrivilege \\t\\t\\tSeSecurityPrivilege \\t\\t\\tSeTakeOwnershipPrivilege \\t\\t\\tSeLoadDriverPrivilege \\t\\t\\tSeSystemtimePrivilege \\t\\t\\tSeBackupPrivilege \\t\\t\\tSeRestorePrivilege \\t\\t\\tSeShutdownPrivilege \\t\\t\\tSeSystemEnvironmentPrivilege \\t\\t\\tSeUndockPrivilege \\t\\t\\tSeManageVolumePrivilege</Data>\\r\\n  <Data Name=\\\"DisabledPrivilegeList\\\">-</Data>\\r\\n</EventData>\",\r\n      \"EventID\": 4703,\r\n      \"Activity\": \"4703\",\r\n      \"MG\": \"00000000-0000-0000-0000-000000000001\",\r\n      \"TimeCollected\": \"2015-12-03T21:28:35.687Z\",\r\n      \"ManagementGroupName\": \"AOI-54bd7c21-cc2a-40fb-898f-ffd15604043e\",\r\n      \"id\": \"2ca46919-ec69-4913-bbf6-36199d1d0d9b\",\r\n      \"Type\": \"SecurityEvent\",\r\n      \"EventSourceName\": \"Microsoft-Windows-Security-Auditing\",\r\n      \"__metadata\": {\r\n        \"Type\": \"SecurityEvent\",\r\n        \"TimeGenerated\": \"2015-12-03T21:28:35.43Z\",\r\n        \"highlighting\": {}\r\n      }\r\n    },\r\n    {\r\n      \"TimeGenerated\": \"2015-12-03T21:28:35.43Z\",\r\n      \"SourceSystem\": \"OpsManager\",\r\n      \"Computer\": \"CLICH-PC01.northamerica.corp.microsoft.com\",\r\n      \"Channel\": \"Security\",\r\n      \"Task\": 13570,\r\n      \"Level\": 8,\r\n      \"EventData\": \"<EventData xmlns=\\\"http://schemas.microsoft.com/win/2004/08/events/event\\\">\\r\\n  <Data Name=\\\"SubjectUserSid\\\">S-1-5-18</Data>\\r\\n  <Data Name=\\\"SubjectUserName\\\">CLICH-PC01$</Data>\\r\\n  <Data Name=\\\"SubjectDomainName\\\">NORTHAMERICA</Data>\\r\\n  <Data Name=\\\"SubjectLogonId\\\">0x3e7</Data>\\r\\n  <Data Name=\\\"TargetUserSid\\\">S-1-5-18</Data>\\r\\n  <Data Name=\\\"TargetUserName\\\">CLICH-PC01$</Data>\\r\\n  <Data Name=\\\"TargetDomainName\\\">NORTHAMERICA</Data>\\r\\n  <Data Name=\\\"TargetLogonId\\\">0x3e7</Data>\\r\\n  <Data Name=\\\"ProcessName\\\">C:\\\\Windows\\\\System32\\\\svchost.exe</Data>\\r\\n  <Data Name=\\\"ProcessId\\\">0x528</Data>\\r\\n  <Data Name=\\\"EnabledPrivilegeList\\\">SeAssignPrimaryTokenPrivilege \\t\\t\\tSeIncreaseQuotaPrivilege \\t\\t\\tSeSecurityPrivilege \\t\\t\\tSeTakeOwnershipPrivilege \\t\\t\\tSeLoadDriverPrivilege \\t\\t\\tSeSystemtimePrivilege \\t\\t\\tSeBackupPrivilege \\t\\t\\tSeRestorePrivilege \\t\\t\\tSeShutdownPrivilege \\t\\t\\tSeSystemEnvironmentPrivilege \\t\\t\\tSeUndockPrivilege \\t\\t\\tSeManageVolumePrivilege</Data>\\r\\n  <Data Name=\\\"DisabledPrivilegeList\\\">-</Data>\\r\\n</EventData>\",\r\n      \"EventID\": 4703,\r\n      \"Activity\": \"4703\",\r\n      \"MG\": \"00000000-0000-0000-0000-000000000001\",\r\n      \"TimeCollected\": \"2015-12-03T21:28:35.687Z\",\r\n      \"ManagementGroupName\": \"AOI-54bd7c21-cc2a-40fb-898f-ffd15604043e\",\r\n      \"id\": \"a36212f1-335a-8f70-66e3-138943cb4ae9\",\r\n      \"Type\": \"SecurityEvent\",\r\n      \"EventSourceName\": \"Microsoft-Windows-Security-Auditing\",\r\n      \"__metadata\": {\r\n        \"Type\": \"SecurityEvent\",\r\n        \"TimeGenerated\": \"2015-12-03T21:28:35.43Z\",\r\n        \"highlighting\": {}\r\n      }\r\n    },\r\n    {\r\n      \"TimeGenerated\": \"2015-12-03T21:28:35.427Z\",\r\n      \"SourceSystem\": \"OpsManager\",\r\n      \"Computer\": \"CLICH-PC01.northamerica.corp.microsoft.com\",\r\n      \"Channel\": \"Security\",\r\n      \"Task\": 13570,\r\n      \"Level\": 8,\r\n      \"EventData\": \"<EventData xmlns=\\\"http://schemas.microsoft.com/win/2004/08/events/event\\\">\\r\\n  <Data Name=\\\"SubjectUserSid\\\">S-1-5-18</Data>\\r\\n  <Data Name=\\\"SubjectUserName\\\">CLICH-PC01$</Data>\\r\\n  <Data Name=\\\"SubjectDomainName\\\">NORTHAMERICA</Data>\\r\\n  <Data Name=\\\"SubjectLogonId\\\">0x3e7</Data>\\r\\n  <Data Name=\\\"TargetUserSid\\\">S-1-5-18</Data>\\r\\n  <Data Name=\\\"TargetUserName\\\">CLICH-PC01$</Data>\\r\\n  <Data Name=\\\"TargetDomainName\\\">NORTHAMERICA</Data>\\r\\n  <Data Name=\\\"TargetLogonId\\\">0x3e7</Data>\\r\\n  <Data Name=\\\"ProcessName\\\">C:\\\\Windows\\\\System32\\\\svchost.exe</Data>\\r\\n  <Data Name=\\\"ProcessId\\\">0x528</Data>\\r\\n  <Data Name=\\\"EnabledPrivilegeList\\\">SeAssignPrimaryTokenPrivilege \\t\\t\\tSeIncreaseQuotaPrivilege \\t\\t\\tSeSecurityPrivilege \\t\\t\\tSeTakeOwnershipPrivilege \\t\\t\\tSeLoadDriverPrivilege \\t\\t\\tSeSystemtimePrivilege \\t\\t\\tSeBackupPrivilege \\t\\t\\tSeRestorePrivilege \\t\\t\\tSeShutdownPrivilege \\t\\t\\tSeSystemEnvironmentPrivilege \\t\\t\\tSeUndockPrivilege \\t\\t\\tSeManageVolumePrivilege</Data>\\r\\n  <Data Name=\\\"DisabledPrivilegeList\\\">-</Data>\\r\\n</EventData>\",\r\n      \"EventID\": 4703,\r\n      \"Activity\": \"4703\",\r\n      \"MG\": \"00000000-0000-0000-0000-000000000001\",\r\n      \"TimeCollected\": \"2015-12-03T21:28:35.687Z\",\r\n      \"ManagementGroupName\": \"AOI-54bd7c21-cc2a-40fb-898f-ffd15604043e\",\r\n      \"id\": \"63438676-bf6b-fe2b-2fe4-726abf903700\",\r\n      \"Type\": \"SecurityEvent\",\r\n      \"EventSourceName\": \"Microsoft-Windows-Security-Auditing\",\r\n      \"__metadata\": {\r\n        \"Type\": \"SecurityEvent\",\r\n        \"TimeGenerated\": \"2015-12-03T21:28:35.427Z\",\r\n        \"highlighting\": {}\r\n      }\r\n    },\r\n    {\r\n      \"TimeGenerated\": \"2015-12-03T21:28:35.423Z\",\r\n      \"SourceSystem\": \"OpsManager\",\r\n      \"Computer\": \"CLICH-PC01.northamerica.corp.microsoft.com\",\r\n      \"Channel\": \"Security\",\r\n      \"Task\": 13570,\r\n      \"Level\": 8,\r\n      \"EventData\": \"<EventData xmlns=\\\"http://schemas.microsoft.com/win/2004/08/events/event\\\">\\r\\n  <Data Name=\\\"SubjectUserSid\\\">S-1-5-18</Data>\\r\\n  <Data Name=\\\"SubjectUserName\\\">CLICH-PC01$</Data>\\r\\n  <Data Name=\\\"SubjectDomainName\\\">NORTHAMERICA</Data>\\r\\n  <Data Name=\\\"SubjectLogonId\\\">0x3e7</Data>\\r\\n  <Data Name=\\\"TargetUserSid\\\">S-1-5-18</Data>\\r\\n  <Data Name=\\\"TargetUserName\\\">CLICH-PC01$</Data>\\r\\n  <Data Name=\\\"TargetDomainName\\\">NORTHAMERICA</Data>\\r\\n  <Data Name=\\\"TargetLogonId\\\">0x3e7</Data>\\r\\n  <Data Name=\\\"ProcessName\\\">C:\\\\Windows\\\\System32\\\\svchost.exe</Data>\\r\\n  <Data Name=\\\"ProcessId\\\">0x528</Data>\\r\\n  <Data Name=\\\"EnabledPrivilegeList\\\">SeAssignPrimaryTokenPrivilege \\t\\t\\tSeIncreaseQuotaPrivilege \\t\\t\\tSeSecurityPrivilege \\t\\t\\tSeTakeOwnershipPrivilege \\t\\t\\tSeLoadDriverPrivilege \\t\\t\\tSeSystemtimePrivilege \\t\\t\\tSeBackupPrivilege \\t\\t\\tSeRestorePrivilege \\t\\t\\tSeShutdownPrivilege \\t\\t\\tSeSystemEnvironmentPrivilege \\t\\t\\tSeUndockPrivilege \\t\\t\\tSeManageVolumePrivilege</Data>\\r\\n  <Data Name=\\\"DisabledPrivilegeList\\\">-</Data>\\r\\n</EventData>\",\r\n      \"EventID\": 4703,\r\n      \"Activity\": \"4703\",\r\n      \"MG\": \"00000000-0000-0000-0000-000000000001\",\r\n      \"TimeCollected\": \"2015-12-03T21:28:35.687Z\",\r\n      \"ManagementGroupName\": \"AOI-54bd7c21-cc2a-40fb-898f-ffd15604043e\",\r\n      \"id\": \"051cec82-700a-1040-68ee-84166b28b392\",\r\n      \"Type\": \"SecurityEvent\",\r\n      \"EventSourceName\": \"Microsoft-Windows-Security-Auditing\",\r\n      \"__metadata\": {\r\n        \"Type\": \"SecurityEvent\",\r\n        \"TimeGenerated\": \"2015-12-03T21:28:35.423Z\",\r\n        \"highlighting\": {}\r\n      }\r\n    },\r\n    {\r\n      \"TimeGenerated\": \"2015-12-03T21:28:35.42Z\",\r\n      \"SourceSystem\": \"OpsManager\",\r\n      \"Computer\": \"CLICH-PC01.northamerica.corp.microsoft.com\",\r\n      \"Channel\": \"Security\",\r\n      \"Task\": 13570,\r\n      \"Level\": 8,\r\n      \"EventData\": \"<EventData xmlns=\\\"http://schemas.microsoft.com/win/2004/08/events/event\\\">\\r\\n  <Data Name=\\\"SubjectUserSid\\\">S-1-5-18</Data>\\r\\n  <Data Name=\\\"SubjectUserName\\\">CLICH-PC01$</Data>\\r\\n  <Data Name=\\\"SubjectDomainName\\\">NORTHAMERICA</Data>\\r\\n  <Data Name=\\\"SubjectLogonId\\\">0x3e7</Data>\\r\\n  <Data Name=\\\"TargetUserSid\\\">S-1-5-18</Data>\\r\\n  <Data Name=\\\"TargetUserName\\\">CLICH-PC01$</Data>\\r\\n  <Data Name=\\\"TargetDomainName\\\">NORTHAMERICA</Data>\\r\\n  <Data Name=\\\"TargetLogonId\\\">0x3e7</Data>\\r\\n  <Data Name=\\\"ProcessName\\\">C:\\\\Windows\\\\System32\\\\svchost.exe</Data>\\r\\n  <Data Name=\\\"ProcessId\\\">0x528</Data>\\r\\n  <Data Name=\\\"EnabledPrivilegeList\\\">SeAssignPrimaryTokenPrivilege \\t\\t\\tSeIncreaseQuotaPrivilege \\t\\t\\tSeSecurityPrivilege \\t\\t\\tSeTakeOwnershipPrivilege \\t\\t\\tSeLoadDriverPrivilege \\t\\t\\tSeSystemtimePrivilege \\t\\t\\tSeBackupPrivilege \\t\\t\\tSeRestorePrivilege \\t\\t\\tSeShutdownPrivilege \\t\\t\\tSeSystemEnvironmentPrivilege \\t\\t\\tSeUndockPrivilege \\t\\t\\tSeManageVolumePrivilege</Data>\\r\\n  <Data Name=\\\"DisabledPrivilegeList\\\">-</Data>\\r\\n</EventData>\",\r\n      \"EventID\": 4703,\r\n      \"Activity\": \"4703\",\r\n      \"MG\": \"00000000-0000-0000-0000-000000000001\",\r\n      \"TimeCollected\": \"2015-12-03T21:28:35.687Z\",\r\n      \"ManagementGroupName\": \"AOI-54bd7c21-cc2a-40fb-898f-ffd15604043e\",\r\n      \"id\": \"1bd0bb1f-9523-6272-af17-ef021dd7a45a\",\r\n      \"Type\": \"SecurityEvent\",\r\n      \"EventSourceName\": \"Microsoft-Windows-Security-Auditing\",\r\n      \"__metadata\": {\r\n        \"Type\": \"SecurityEvent\",\r\n        \"TimeGenerated\": \"2015-12-03T21:28:35.42Z\",\r\n        \"highlighting\": {}\r\n      }\r\n    },\r\n    {\r\n      \"TimeGenerated\": \"2015-12-03T21:28:35.413Z\",\r\n      \"SourceSystem\": \"OpsManager\",\r\n      \"Computer\": \"CLICH-PC01.northamerica.corp.microsoft.com\",\r\n      \"Channel\": \"Security\",\r\n      \"Task\": 13570,\r\n      \"Level\": 8,\r\n      \"EventData\": \"<EventData xmlns=\\\"http://schemas.microsoft.com/win/2004/08/events/event\\\">\\r\\n  <Data Name=\\\"SubjectUserSid\\\">S-1-5-18</Data>\\r\\n  <Data Name=\\\"SubjectUserName\\\">CLICH-PC01$</Data>\\r\\n  <Data Name=\\\"SubjectDomainName\\\">NORTHAMERICA</Data>\\r\\n  <Data Name=\\\"SubjectLogonId\\\">0x3e7</Data>\\r\\n  <Data Name=\\\"TargetUserSid\\\">S-1-5-18</Data>\\r\\n  <Data Name=\\\"TargetUserName\\\">CLICH-PC01$</Data>\\r\\n  <Data Name=\\\"TargetDomainName\\\">NORTHAMERICA</Data>\\r\\n  <Data Name=\\\"TargetLogonId\\\">0x3e7</Data>\\r\\n  <Data Name=\\\"ProcessName\\\">C:\\\\Windows\\\\System32\\\\svchost.exe</Data>\\r\\n  <Data Name=\\\"ProcessId\\\">0x528</Data>\\r\\n  <Data Name=\\\"EnabledPrivilegeList\\\">SeAssignPrimaryTokenPrivilege \\t\\t\\tSeIncreaseQuotaPrivilege \\t\\t\\tSeSecurityPrivilege \\t\\t\\tSeTakeOwnershipPrivilege \\t\\t\\tSeLoadDriverPrivilege \\t\\t\\tSeSystemtimePrivilege \\t\\t\\tSeBackupPrivilege \\t\\t\\tSeRestorePrivilege \\t\\t\\tSeShutdownPrivilege \\t\\t\\tSeSystemEnvironmentPrivilege \\t\\t\\tSeUndockPrivilege \\t\\t\\tSeManageVolumePrivilege</Data>\\r\\n  <Data Name=\\\"DisabledPrivilegeList\\\">-</Data>\\r\\n</EventData>\",\r\n      \"EventID\": 4703,\r\n      \"Activity\": \"4703\",\r\n      \"MG\": \"00000000-0000-0000-0000-000000000001\",\r\n      \"TimeCollected\": \"2015-12-03T21:28:35.687Z\",\r\n      \"ManagementGroupName\": \"AOI-54bd7c21-cc2a-40fb-898f-ffd15604043e\",\r\n      \"id\": \"5b93d193-af71-d484-8564-bd2ea7ec7fbf\",\r\n      \"Type\": \"SecurityEvent\",\r\n      \"EventSourceName\": \"Microsoft-Windows-Security-Auditing\",\r\n      \"__metadata\": {\r\n        \"Type\": \"SecurityEvent\",\r\n        \"TimeGenerated\": \"2015-12-03T21:28:35.413Z\",\r\n        \"highlighting\": {}\r\n      }\r\n    },\r\n    {\r\n      \"TimeGenerated\": \"2015-12-03T21:28:35.403Z\",\r\n      \"SourceSystem\": \"OpsManager\",\r\n      \"Computer\": \"CLICH-PC01.northamerica.corp.microsoft.com\",\r\n      \"Channel\": \"Security\",\r\n      \"Task\": 13570,\r\n      \"Level\": 8,\r\n      \"EventData\": \"<EventData xmlns=\\\"http://schemas.microsoft.com/win/2004/08/events/event\\\">\\r\\n  <Data Name=\\\"SubjectUserSid\\\">S-1-5-18</Data>\\r\\n  <Data Name=\\\"SubjectUserName\\\">CLICH-PC01$</Data>\\r\\n  <Data Name=\\\"SubjectDomainName\\\">NORTHAMERICA</Data>\\r\\n  <Data Name=\\\"SubjectLogonId\\\">0x3e7</Data>\\r\\n  <Data Name=\\\"TargetUserSid\\\">S-1-5-18</Data>\\r\\n  <Data Name=\\\"TargetUserName\\\">CLICH-PC01$</Data>\\r\\n  <Data Name=\\\"TargetDomainName\\\">NORTHAMERICA</Data>\\r\\n  <Data Name=\\\"TargetLogonId\\\">0x3e7</Data>\\r\\n  <Data Name=\\\"ProcessName\\\">C:\\\\Windows\\\\System32\\\\svchost.exe</Data>\\r\\n  <Data Name=\\\"ProcessId\\\">0x528</Data>\\r\\n  <Data Name=\\\"EnabledPrivilegeList\\\">SeAssignPrimaryTokenPrivilege \\t\\t\\tSeIncreaseQuotaPrivilege \\t\\t\\tSeSecurityPrivilege \\t\\t\\tSeTakeOwnershipPrivilege \\t\\t\\tSeLoadDriverPrivilege \\t\\t\\tSeSystemtimePrivilege \\t\\t\\tSeBackupPrivilege \\t\\t\\tSeRestorePrivilege \\t\\t\\tSeShutdownPrivilege \\t\\t\\tSeSystemEnvironmentPrivilege \\t\\t\\tSeUndockPrivilege \\t\\t\\tSeManageVolumePrivilege</Data>\\r\\n  <Data Name=\\\"DisabledPrivilegeList\\\">-</Data>\\r\\n</EventData>\",\r\n      \"EventID\": 4703,\r\n      \"Activity\": \"4703\",\r\n      \"MG\": \"00000000-0000-0000-0000-000000000001\",\r\n      \"TimeCollected\": \"2015-12-03T21:28:35.687Z\",\r\n      \"ManagementGroupName\": \"AOI-54bd7c21-cc2a-40fb-898f-ffd15604043e\",\r\n      \"id\": \"ef17605d-fca8-96a3-141e-dda4d5ff2f72\",\r\n      \"Type\": \"SecurityEvent\",\r\n      \"EventSourceName\": \"Microsoft-Windows-Security-Auditing\",\r\n      \"__metadata\": {\r\n        \"Type\": \"SecurityEvent\",\r\n        \"TimeGenerated\": \"2015-12-03T21:28:35.403Z\",\r\n        \"highlighting\": {}\r\n      }\r\n    },\r\n    {\r\n      \"TimeGenerated\": \"2015-12-03T21:28:35.4Z\",\r\n      \"SourceSystem\": \"OpsManager\",\r\n      \"Computer\": \"CLICH-PC01.northamerica.corp.microsoft.com\",\r\n      \"Channel\": \"Security\",\r\n      \"Task\": 13570,\r\n      \"Level\": 8,\r\n      \"EventData\": \"<EventData xmlns=\\\"http://schemas.microsoft.com/win/2004/08/events/event\\\">\\r\\n  <Data Name=\\\"SubjectUserSid\\\">S-1-5-18</Data>\\r\\n  <Data Name=\\\"SubjectUserName\\\">CLICH-PC01$</Data>\\r\\n  <Data Name=\\\"SubjectDomainName\\\">NORTHAMERICA</Data>\\r\\n  <Data Name=\\\"SubjectLogonId\\\">0x3e7</Data>\\r\\n  <Data Name=\\\"TargetUserSid\\\">S-1-5-18</Data>\\r\\n  <Data Name=\\\"TargetUserName\\\">CLICH-PC01$</Data>\\r\\n  <Data Name=\\\"TargetDomainName\\\">NORTHAMERICA</Data>\\r\\n  <Data Name=\\\"TargetLogonId\\\">0x3e7</Data>\\r\\n  <Data Name=\\\"ProcessName\\\">C:\\\\Windows\\\\System32\\\\svchost.exe</Data>\\r\\n  <Data Name=\\\"ProcessId\\\">0x528</Data>\\r\\n  <Data Name=\\\"EnabledPrivilegeList\\\">SeAssignPrimaryTokenPrivilege \\t\\t\\tSeIncreaseQuotaPrivilege \\t\\t\\tSeSecurityPrivilege \\t\\t\\tSeTakeOwnershipPrivilege \\t\\t\\tSeLoadDriverPrivilege \\t\\t\\tSeSystemtimePrivilege \\t\\t\\tSeBackupPrivilege \\t\\t\\tSeRestorePrivilege \\t\\t\\tSeShutdownPrivilege \\t\\t\\tSeSystemEnvironmentPrivilege \\t\\t\\tSeUndockPrivilege \\t\\t\\tSeManageVolumePrivilege</Data>\\r\\n  <Data Name=\\\"DisabledPrivilegeList\\\">-</Data>\\r\\n</EventData>\",\r\n      \"EventID\": 4703,\r\n      \"Activity\": \"4703\",\r\n      \"MG\": \"00000000-0000-0000-0000-000000000001\",\r\n      \"TimeCollected\": \"2015-12-03T21:28:35.687Z\",\r\n      \"ManagementGroupName\": \"AOI-54bd7c21-cc2a-40fb-898f-ffd15604043e\",\r\n      \"id\": \"00a3242e-6e86-f77e-6859-9821db59de58\",\r\n      \"Type\": \"SecurityEvent\",\r\n      \"EventSourceName\": \"Microsoft-Windows-Security-Auditing\",\r\n      \"__metadata\": {\r\n        \"Type\": \"SecurityEvent\",\r\n        \"TimeGenerated\": \"2015-12-03T21:28:35.4Z\",\r\n        \"highlighting\": {}\r\n      }\r\n    },\r\n    {\r\n      \"TimeGenerated\": \"2015-12-03T21:28:35.4Z\",\r\n      \"SourceSystem\": \"OpsManager\",\r\n      \"Computer\": \"CLICH-PC01.northamerica.corp.microsoft.com\",\r\n      \"Channel\": \"Security\",\r\n      \"Task\": 13570,\r\n      \"Level\": 8,\r\n      \"EventData\": \"<EventData xmlns=\\\"http://schemas.microsoft.com/win/2004/08/events/event\\\">\\r\\n  <Data Name=\\\"SubjectUserSid\\\">S-1-5-18</Data>\\r\\n  <Data Name=\\\"SubjectUserName\\\">CLICH-PC01$</Data>\\r\\n  <Data Name=\\\"SubjectDomainName\\\">NORTHAMERICA</Data>\\r\\n  <Data Name=\\\"SubjectLogonId\\\">0x3e7</Data>\\r\\n  <Data Name=\\\"TargetUserSid\\\">S-1-5-18</Data>\\r\\n  <Data Name=\\\"TargetUserName\\\">CLICH-PC01$</Data>\\r\\n  <Data Name=\\\"TargetDomainName\\\">NORTHAMERICA</Data>\\r\\n  <Data Name=\\\"TargetLogonId\\\">0x3e7</Data>\\r\\n  <Data Name=\\\"ProcessName\\\">C:\\\\Windows\\\\System32\\\\svchost.exe</Data>\\r\\n  <Data Name=\\\"ProcessId\\\">0x528</Data>\\r\\n  <Data Name=\\\"EnabledPrivilegeList\\\">SeAssignPrimaryTokenPrivilege \\t\\t\\tSeIncreaseQuotaPrivilege \\t\\t\\tSeSecurityPrivilege \\t\\t\\tSeTakeOwnershipPrivilege \\t\\t\\tSeLoadDriverPrivilege \\t\\t\\tSeSystemtimePrivilege \\t\\t\\tSeBackupPrivilege \\t\\t\\tSeRestorePrivilege \\t\\t\\tSeShutdownPrivilege \\t\\t\\tSeSystemEnvironmentPrivilege \\t\\t\\tSeUndockPrivilege \\t\\t\\tSeManageVolumePrivilege</Data>\\r\\n  <Data Name=\\\"DisabledPrivilegeList\\\">-</Data>\\r\\n</EventData>\",\r\n      \"EventID\": 4703,\r\n      \"Activity\": \"4703\",\r\n      \"MG\": \"00000000-0000-0000-0000-000000000001\",\r\n      \"TimeCollected\": \"2015-12-03T21:28:35.687Z\",\r\n      \"ManagementGroupName\": \"AOI-54bd7c21-cc2a-40fb-898f-ffd15604043e\",\r\n      \"id\": \"769af606-0701-413c-9854-3c9b8bb9d768\",\r\n      \"Type\": \"SecurityEvent\",\r\n      \"EventSourceName\": \"Microsoft-Windows-Security-Auditing\",\r\n      \"__metadata\": {\r\n        \"Type\": \"SecurityEvent\",\r\n        \"TimeGenerated\": \"2015-12-03T21:28:35.4Z\",\r\n        \"highlighting\": {}\r\n      }\r\n    },\r\n    {\r\n      \"TimeGenerated\": \"2015-12-03T21:28:35.397Z\",\r\n      \"SourceSystem\": \"OpsManager\",\r\n      \"Computer\": \"CLICH-PC01.northamerica.corp.microsoft.com\",\r\n      \"Channel\": \"Security\",\r\n      \"Task\": 13570,\r\n      \"Level\": 8,\r\n      \"EventData\": \"<EventData xmlns=\\\"http://schemas.microsoft.com/win/2004/08/events/event\\\">\\r\\n  <Data Name=\\\"SubjectUserSid\\\">S-1-5-18</Data>\\r\\n  <Data Name=\\\"SubjectUserName\\\">CLICH-PC01$</Data>\\r\\n  <Data Name=\\\"SubjectDomainName\\\">NORTHAMERICA</Data>\\r\\n  <Data Name=\\\"SubjectLogonId\\\">0x3e7</Data>\\r\\n  <Data Name=\\\"TargetUserSid\\\">S-1-5-18</Data>\\r\\n  <Data Name=\\\"TargetUserName\\\">CLICH-PC01$</Data>\\r\\n  <Data Name=\\\"TargetDomainName\\\">NORTHAMERICA</Data>\\r\\n  <Data Name=\\\"TargetLogonId\\\">0x3e7</Data>\\r\\n  <Data Name=\\\"ProcessName\\\">C:\\\\Windows\\\\System32\\\\svchost.exe</Data>\\r\\n  <Data Name=\\\"ProcessId\\\">0x528</Data>\\r\\n  <Data Name=\\\"EnabledPrivilegeList\\\">SeAssignPrimaryTokenPrivilege \\t\\t\\tSeIncreaseQuotaPrivilege \\t\\t\\tSeSecurityPrivilege \\t\\t\\tSeTakeOwnershipPrivilege \\t\\t\\tSeLoadDriverPrivilege \\t\\t\\tSeSystemtimePrivilege \\t\\t\\tSeBackupPrivilege \\t\\t\\tSeRestorePrivilege \\t\\t\\tSeShutdownPrivilege \\t\\t\\tSeSystemEnvironmentPrivilege \\t\\t\\tSeUndockPrivilege \\t\\t\\tSeManageVolumePrivilege</Data>\\r\\n  <Data Name=\\\"DisabledPrivilegeList\\\">-</Data>\\r\\n</EventData>\",\r\n      \"EventID\": 4703,\r\n      \"Activity\": \"4703\",\r\n      \"MG\": \"00000000-0000-0000-0000-000000000001\",\r\n      \"TimeCollected\": \"2015-12-03T21:28:35.687Z\",\r\n      \"ManagementGroupName\": \"AOI-54bd7c21-cc2a-40fb-898f-ffd15604043e\",\r\n      \"id\": \"2c00e61a-4fe2-237e-32ce-ad0d42b95d24\",\r\n      \"Type\": \"SecurityEvent\",\r\n      \"EventSourceName\": \"Microsoft-Windows-Security-Auditing\",\r\n      \"__metadata\": {\r\n        \"Type\": \"SecurityEvent\",\r\n        \"TimeGenerated\": \"2015-12-03T21:28:35.397Z\",\r\n        \"highlighting\": {}\r\n      }\r\n    },\r\n    {\r\n      \"TimeGenerated\": \"2015-12-03T21:28:35.393Z\",\r\n      \"SourceSystem\": \"OpsManager\",\r\n      \"Computer\": \"CLICH-PC01.northamerica.corp.microsoft.com\",\r\n      \"Channel\": \"Security\",\r\n      \"Task\": 13570,\r\n      \"Level\": 8,\r\n      \"EventData\": \"<EventData xmlns=\\\"http://schemas.microsoft.com/win/2004/08/events/event\\\">\\r\\n  <Data Name=\\\"SubjectUserSid\\\">S-1-5-18</Data>\\r\\n  <Data Name=\\\"SubjectUserName\\\">CLICH-PC01$</Data>\\r\\n  <Data Name=\\\"SubjectDomainName\\\">NORTHAMERICA</Data>\\r\\n  <Data Name=\\\"SubjectLogonId\\\">0x3e7</Data>\\r\\n  <Data Name=\\\"TargetUserSid\\\">S-1-5-18</Data>\\r\\n  <Data Name=\\\"TargetUserName\\\">CLICH-PC01$</Data>\\r\\n  <Data Name=\\\"TargetDomainName\\\">NORTHAMERICA</Data>\\r\\n  <Data Name=\\\"TargetLogonId\\\">0x3e7</Data>\\r\\n  <Data Name=\\\"ProcessName\\\">C:\\\\Windows\\\\System32\\\\svchost.exe</Data>\\r\\n  <Data Name=\\\"ProcessId\\\">0x528</Data>\\r\\n  <Data Name=\\\"EnabledPrivilegeList\\\">SeAssignPrimaryTokenPrivilege \\t\\t\\tSeIncreaseQuotaPrivilege \\t\\t\\tSeSecurityPrivilege \\t\\t\\tSeTakeOwnershipPrivilege \\t\\t\\tSeLoadDriverPrivilege \\t\\t\\tSeSystemtimePrivilege \\t\\t\\tSeBackupPrivilege \\t\\t\\tSeRestorePrivilege \\t\\t\\tSeShutdownPrivilege \\t\\t\\tSeSystemEnvironmentPrivilege \\t\\t\\tSeUndockPrivilege \\t\\t\\tSeManageVolumePrivilege</Data>\\r\\n  <Data Name=\\\"DisabledPrivilegeList\\\">-</Data>\\r\\n</EventData>\",\r\n      \"EventID\": 4703,\r\n      \"Activity\": \"4703\",\r\n      \"MG\": \"00000000-0000-0000-0000-000000000001\",\r\n      \"TimeCollected\": \"2015-12-03T21:28:35.687Z\",\r\n      \"ManagementGroupName\": \"AOI-54bd7c21-cc2a-40fb-898f-ffd15604043e\",\r\n      \"id\": \"a3803e07-0c19-08e5-11e8-6836f7c5f85b\",\r\n      \"Type\": \"SecurityEvent\",\r\n      \"EventSourceName\": \"Microsoft-Windows-Security-Auditing\",\r\n      \"__metadata\": {\r\n        \"Type\": \"SecurityEvent\",\r\n        \"TimeGenerated\": \"2015-12-03T21:28:35.393Z\",\r\n        \"highlighting\": {}\r\n      }\r\n    },\r\n    {\r\n      \"TimeGenerated\": \"2015-12-03T21:28:35.38Z\",\r\n      \"SourceSystem\": \"OpsManager\",\r\n      \"Computer\": \"CLICH-PC01.northamerica.corp.microsoft.com\",\r\n      \"Channel\": \"Security\",\r\n      \"Task\": 13570,\r\n      \"Level\": 8,\r\n      \"EventData\": \"<EventData xmlns=\\\"http://schemas.microsoft.com/win/2004/08/events/event\\\">\\r\\n  <Data Name=\\\"SubjectUserSid\\\">S-1-5-18</Data>\\r\\n  <Data Name=\\\"SubjectUserName\\\">CLICH-PC01$</Data>\\r\\n  <Data Name=\\\"SubjectDomainName\\\">NORTHAMERICA</Data>\\r\\n  <Data Name=\\\"SubjectLogonId\\\">0x3e7</Data>\\r\\n  <Data Name=\\\"TargetUserSid\\\">S-1-5-18</Data>\\r\\n  <Data Name=\\\"TargetUserName\\\">CLICH-PC01$</Data>\\r\\n  <Data Name=\\\"TargetDomainName\\\">NORTHAMERICA</Data>\\r\\n  <Data Name=\\\"TargetLogonId\\\">0x3e7</Data>\\r\\n  <Data Name=\\\"ProcessName\\\">C:\\\\Windows\\\\System32\\\\svchost.exe</Data>\\r\\n  <Data Name=\\\"ProcessId\\\">0x528</Data>\\r\\n  <Data Name=\\\"EnabledPrivilegeList\\\">SeAssignPrimaryTokenPrivilege \\t\\t\\tSeIncreaseQuotaPrivilege \\t\\t\\tSeSecurityPrivilege \\t\\t\\tSeTakeOwnershipPrivilege \\t\\t\\tSeLoadDriverPrivilege \\t\\t\\tSeSystemtimePrivilege \\t\\t\\tSeBackupPrivilege \\t\\t\\tSeRestorePrivilege \\t\\t\\tSeShutdownPrivilege \\t\\t\\tSeSystemEnvironmentPrivilege \\t\\t\\tSeUndockPrivilege \\t\\t\\tSeManageVolumePrivilege</Data>\\r\\n  <Data Name=\\\"DisabledPrivilegeList\\\">-</Data>\\r\\n</EventData>\",\r\n      \"EventID\": 4703,\r\n      \"Activity\": \"4703\",\r\n      \"MG\": \"00000000-0000-0000-0000-000000000001\",\r\n      \"TimeCollected\": \"2015-12-03T21:28:35.687Z\",\r\n      \"ManagementGroupName\": \"AOI-54bd7c21-cc2a-40fb-898f-ffd15604043e\",\r\n      \"id\": \"a0181394-c5f6-7a8d-d3a6-9d9b1b824c58\",\r\n      \"Type\": \"SecurityEvent\",\r\n      \"EventSourceName\": \"Microsoft-Windows-Security-Auditing\",\r\n      \"__metadata\": {\r\n        \"Type\": \"SecurityEvent\",\r\n        \"TimeGenerated\": \"2015-12-03T21:28:35.38Z\",\r\n        \"highlighting\": {}\r\n      }\r\n    },\r\n    {\r\n      \"TimeGenerated\": \"2015-12-03T21:28:35.37Z\",\r\n      \"SourceSystem\": \"OpsManager\",\r\n      \"Computer\": \"CLICH-PC01.northamerica.corp.microsoft.com\",\r\n      \"Channel\": \"Security\",\r\n      \"Task\": 13570,\r\n      \"Level\": 8,\r\n      \"EventData\": \"<EventData xmlns=\\\"http://schemas.microsoft.com/win/2004/08/events/event\\\">\\r\\n  <Data Name=\\\"SubjectUserSid\\\">S-1-5-18</Data>\\r\\n  <Data Name=\\\"SubjectUserName\\\">CLICH-PC01$</Data>\\r\\n  <Data Name=\\\"SubjectDomainName\\\">NORTHAMERICA</Data>\\r\\n  <Data Name=\\\"SubjectLogonId\\\">0x3e7</Data>\\r\\n  <Data Name=\\\"TargetUserSid\\\">S-1-5-18</Data>\\r\\n  <Data Name=\\\"TargetUserName\\\">CLICH-PC01$</Data>\\r\\n  <Data Name=\\\"TargetDomainName\\\">NORTHAMERICA</Data>\\r\\n  <Data Name=\\\"TargetLogonId\\\">0x3e7</Data>\\r\\n  <Data Name=\\\"ProcessName\\\">C:\\\\Windows\\\\System32\\\\svchost.exe</Data>\\r\\n  <Data Name=\\\"ProcessId\\\">0x528</Data>\\r\\n  <Data Name=\\\"EnabledPrivilegeList\\\">SeAssignPrimaryTokenPrivilege \\t\\t\\tSeIncreaseQuotaPrivilege \\t\\t\\tSeSecurityPrivilege \\t\\t\\tSeTakeOwnershipPrivilege \\t\\t\\tSeLoadDriverPrivilege \\t\\t\\tSeSystemtimePrivilege \\t\\t\\tSeBackupPrivilege \\t\\t\\tSeRestorePrivilege \\t\\t\\tSeShutdownPrivilege \\t\\t\\tSeSystemEnvironmentPrivilege \\t\\t\\tSeUndockPrivilege \\t\\t\\tSeManageVolumePrivilege</Data>\\r\\n  <Data Name=\\\"DisabledPrivilegeList\\\">-</Data>\\r\\n</EventData>\",\r\n      \"EventID\": 4703,\r\n      \"Activity\": \"4703\",\r\n      \"MG\": \"00000000-0000-0000-0000-000000000001\",\r\n      \"TimeCollected\": \"2015-12-03T21:28:35.687Z\",\r\n      \"ManagementGroupName\": \"AOI-54bd7c21-cc2a-40fb-898f-ffd15604043e\",\r\n      \"id\": \"50d86e76-09e1-b122-8d5f-c8f63f752311\",\r\n      \"Type\": \"SecurityEvent\",\r\n      \"EventSourceName\": \"Microsoft-Windows-Security-Auditing\",\r\n      \"__metadata\": {\r\n        \"Type\": \"SecurityEvent\",\r\n        \"TimeGenerated\": \"2015-12-03T21:28:35.37Z\",\r\n        \"highlighting\": {}\r\n      }\r\n    },\r\n    {\r\n      \"TimeGenerated\": \"2015-12-03T21:28:35.37Z\",\r\n      \"SourceSystem\": \"OpsManager\",\r\n      \"Computer\": \"CLICH-PC01.northamerica.corp.microsoft.com\",\r\n      \"Channel\": \"Security\",\r\n      \"Task\": 13570,\r\n      \"Level\": 8,\r\n      \"EventData\": \"<EventData xmlns=\\\"http://schemas.microsoft.com/win/2004/08/events/event\\\">\\r\\n  <Data Name=\\\"SubjectUserSid\\\">S-1-5-18</Data>\\r\\n  <Data Name=\\\"SubjectUserName\\\">CLICH-PC01$</Data>\\r\\n  <Data Name=\\\"SubjectDomainName\\\">NORTHAMERICA</Data>\\r\\n  <Data Name=\\\"SubjectLogonId\\\">0x3e7</Data>\\r\\n  <Data Name=\\\"TargetUserSid\\\">S-1-5-18</Data>\\r\\n  <Data Name=\\\"TargetUserName\\\">CLICH-PC01$</Data>\\r\\n  <Data Name=\\\"TargetDomainName\\\">NORTHAMERICA</Data>\\r\\n  <Data Name=\\\"TargetLogonId\\\">0x3e7</Data>\\r\\n  <Data Name=\\\"ProcessName\\\">C:\\\\Windows\\\\System32\\\\svchost.exe</Data>\\r\\n  <Data Name=\\\"ProcessId\\\">0x528</Data>\\r\\n  <Data Name=\\\"EnabledPrivilegeList\\\">SeAssignPrimaryTokenPrivilege \\t\\t\\tSeIncreaseQuotaPrivilege \\t\\t\\tSeSecurityPrivilege \\t\\t\\tSeTakeOwnershipPrivilege \\t\\t\\tSeLoadDriverPrivilege \\t\\t\\tSeSystemtimePrivilege \\t\\t\\tSeBackupPrivilege \\t\\t\\tSeRestorePrivilege \\t\\t\\tSeShutdownPrivilege \\t\\t\\tSeSystemEnvironmentPrivilege \\t\\t\\tSeUndockPrivilege \\t\\t\\tSeManageVolumePrivilege</Data>\\r\\n  <Data Name=\\\"DisabledPrivilegeList\\\">-</Data>\\r\\n</EventData>\",\r\n      \"EventID\": 4703,\r\n      \"Activity\": \"4703\",\r\n      \"MG\": \"00000000-0000-0000-0000-000000000001\",\r\n      \"TimeCollected\": \"2015-12-03T21:28:35.687Z\",\r\n      \"ManagementGroupName\": \"AOI-54bd7c21-cc2a-40fb-898f-ffd15604043e\",\r\n      \"id\": \"b0cd33c5-4bfb-951e-649e-8af81414d83e\",\r\n      \"Type\": \"SecurityEvent\",\r\n      \"EventSourceName\": \"Microsoft-Windows-Security-Auditing\",\r\n      \"__metadata\": {\r\n        \"Type\": \"SecurityEvent\",\r\n        \"TimeGenerated\": \"2015-12-03T21:28:35.37Z\",\r\n        \"highlighting\": {}\r\n      }\r\n    },\r\n    {\r\n      \"TimeGenerated\": \"2015-12-03T21:28:35.363Z\",\r\n      \"SourceSystem\": \"OpsManager\",\r\n      \"Computer\": \"CLICH-PC01.northamerica.corp.microsoft.com\",\r\n      \"Channel\": \"Security\",\r\n      \"Task\": 13570,\r\n      \"Level\": 8,\r\n      \"EventData\": \"<EventData xmlns=\\\"http://schemas.microsoft.com/win/2004/08/events/event\\\">\\r\\n  <Data Name=\\\"SubjectUserSid\\\">S-1-5-18</Data>\\r\\n  <Data Name=\\\"SubjectUserName\\\">CLICH-PC01$</Data>\\r\\n  <Data Name=\\\"SubjectDomainName\\\">NORTHAMERICA</Data>\\r\\n  <Data Name=\\\"SubjectLogonId\\\">0x3e7</Data>\\r\\n  <Data Name=\\\"TargetUserSid\\\">S-1-5-18</Data>\\r\\n  <Data Name=\\\"TargetUserName\\\">CLICH-PC01$</Data>\\r\\n  <Data Name=\\\"TargetDomainName\\\">NORTHAMERICA</Data>\\r\\n  <Data Name=\\\"TargetLogonId\\\">0x3e7</Data>\\r\\n  <Data Name=\\\"ProcessName\\\">C:\\\\Windows\\\\System32\\\\svchost.exe</Data>\\r\\n  <Data Name=\\\"ProcessId\\\">0x528</Data>\\r\\n  <Data Name=\\\"EnabledPrivilegeList\\\">SeAssignPrimaryTokenPrivilege \\t\\t\\tSeIncreaseQuotaPrivilege \\t\\t\\tSeSecurityPrivilege \\t\\t\\tSeTakeOwnershipPrivilege \\t\\t\\tSeLoadDriverPrivilege \\t\\t\\tSeSystemtimePrivilege \\t\\t\\tSeBackupPrivilege \\t\\t\\tSeRestorePrivilege \\t\\t\\tSeShutdownPrivilege \\t\\t\\tSeSystemEnvironmentPrivilege \\t\\t\\tSeUndockPrivilege \\t\\t\\tSeManageVolumePrivilege</Data>\\r\\n  <Data Name=\\\"DisabledPrivilegeList\\\">-</Data>\\r\\n</EventData>\",\r\n      \"EventID\": 4703,\r\n      \"Activity\": \"4703\",\r\n      \"MG\": \"00000000-0000-0000-0000-000000000001\",\r\n      \"TimeCollected\": \"2015-12-03T21:28:35.687Z\",\r\n      \"ManagementGroupName\": \"AOI-54bd7c21-cc2a-40fb-898f-ffd15604043e\",\r\n      \"id\": \"5b1bf25f-3b25-c368-8440-62f829bee9ca\",\r\n      \"Type\": \"SecurityEvent\",\r\n      \"EventSourceName\": \"Microsoft-Windows-Security-Auditing\",\r\n      \"__metadata\": {\r\n        \"Type\": \"SecurityEvent\",\r\n        \"TimeGenerated\": \"2015-12-03T21:28:35.363Z\",\r\n        \"highlighting\": {}\r\n      }\r\n    },\r\n    {\r\n      \"TimeGenerated\": \"2015-12-03T21:28:35.363Z\",\r\n      \"SourceSystem\": \"OpsManager\",\r\n      \"Computer\": \"CLICH-PC01.northamerica.corp.microsoft.com\",\r\n      \"Channel\": \"Security\",\r\n      \"Task\": 13570,\r\n      \"Level\": 8,\r\n      \"EventData\": \"<EventData xmlns=\\\"http://schemas.microsoft.com/win/2004/08/events/event\\\">\\r\\n  <Data Name=\\\"SubjectUserSid\\\">S-1-5-18</Data>\\r\\n  <Data Name=\\\"SubjectUserName\\\">CLICH-PC01$</Data>\\r\\n  <Data Name=\\\"SubjectDomainName\\\">NORTHAMERICA</Data>\\r\\n  <Data Name=\\\"SubjectLogonId\\\">0x3e7</Data>\\r\\n  <Data Name=\\\"TargetUserSid\\\">S-1-5-18</Data>\\r\\n  <Data Name=\\\"TargetUserName\\\">CLICH-PC01$</Data>\\r\\n  <Data Name=\\\"TargetDomainName\\\">NORTHAMERICA</Data>\\r\\n  <Data Name=\\\"TargetLogonId\\\">0x3e7</Data>\\r\\n  <Data Name=\\\"ProcessName\\\">C:\\\\Windows\\\\System32\\\\svchost.exe</Data>\\r\\n  <Data Name=\\\"ProcessId\\\">0x528</Data>\\r\\n  <Data Name=\\\"EnabledPrivilegeList\\\">SeAssignPrimaryTokenPrivilege \\t\\t\\tSeIncreaseQuotaPrivilege \\t\\t\\tSeSecurityPrivilege \\t\\t\\tSeTakeOwnershipPrivilege \\t\\t\\tSeLoadDriverPrivilege \\t\\t\\tSeSystemtimePrivilege \\t\\t\\tSeBackupPrivilege \\t\\t\\tSeRestorePrivilege \\t\\t\\tSeShutdownPrivilege \\t\\t\\tSeSystemEnvironmentPrivilege \\t\\t\\tSeUndockPrivilege \\t\\t\\tSeManageVolumePrivilege</Data>\\r\\n  <Data Name=\\\"DisabledPrivilegeList\\\">-</Data>\\r\\n</EventData>\",\r\n      \"EventID\": 4703,\r\n      \"Activity\": \"4703\",\r\n      \"MG\": \"00000000-0000-0000-0000-000000000001\",\r\n      \"TimeCollected\": \"2015-12-03T21:28:35.687Z\",\r\n      \"ManagementGroupName\": \"AOI-54bd7c21-cc2a-40fb-898f-ffd15604043e\",\r\n      \"id\": \"525218d0-bf6a-a352-be24-c2c1c559c24e\",\r\n      \"Type\": \"SecurityEvent\",\r\n      \"EventSourceName\": \"Microsoft-Windows-Security-Auditing\",\r\n      \"__metadata\": {\r\n        \"Type\": \"SecurityEvent\",\r\n        \"TimeGenerated\": \"2015-12-03T21:28:35.363Z\",\r\n        \"highlighting\": {}\r\n      }\r\n    },\r\n    {\r\n      \"TimeGenerated\": \"2015-12-03T21:28:35.36Z\",\r\n      \"SourceSystem\": \"OpsManager\",\r\n      \"Computer\": \"CLICH-PC01.northamerica.corp.microsoft.com\",\r\n      \"Channel\": \"Security\",\r\n      \"Task\": 13570,\r\n      \"Level\": 8,\r\n      \"EventData\": \"<EventData xmlns=\\\"http://schemas.microsoft.com/win/2004/08/events/event\\\">\\r\\n  <Data Name=\\\"SubjectUserSid\\\">S-1-5-18</Data>\\r\\n  <Data Name=\\\"SubjectUserName\\\">CLICH-PC01$</Data>\\r\\n  <Data Name=\\\"SubjectDomainName\\\">NORTHAMERICA</Data>\\r\\n  <Data Name=\\\"SubjectLogonId\\\">0x3e7</Data>\\r\\n  <Data Name=\\\"TargetUserSid\\\">S-1-5-18</Data>\\r\\n  <Data Name=\\\"TargetUserName\\\">CLICH-PC01$</Data>\\r\\n  <Data Name=\\\"TargetDomainName\\\">NORTHAMERICA</Data>\\r\\n  <Data Name=\\\"TargetLogonId\\\">0x3e7</Data>\\r\\n  <Data Name=\\\"ProcessName\\\">C:\\\\Windows\\\\System32\\\\svchost.exe</Data>\\r\\n  <Data Name=\\\"ProcessId\\\">0x528</Data>\\r\\n  <Data Name=\\\"EnabledPrivilegeList\\\">SeAssignPrimaryTokenPrivilege \\t\\t\\tSeIncreaseQuotaPrivilege \\t\\t\\tSeSecurityPrivilege \\t\\t\\tSeTakeOwnershipPrivilege \\t\\t\\tSeLoadDriverPrivilege \\t\\t\\tSeSystemtimePrivilege \\t\\t\\tSeBackupPrivilege \\t\\t\\tSeRestorePrivilege \\t\\t\\tSeShutdownPrivilege \\t\\t\\tSeSystemEnvironmentPrivilege \\t\\t\\tSeUndockPrivilege \\t\\t\\tSeManageVolumePrivilege</Data>\\r\\n  <Data Name=\\\"DisabledPrivilegeList\\\">-</Data>\\r\\n</EventData>\",\r\n      \